<?xml version="1.0" encoding="UTF-8"?>
<!-- Generated by org.testng.reporters.JUnitReportReporter -->
<testsuite skipped="0" hostname="LAPTOP-O7BRKD6N" name="testNG.P1" tests="1" failures="0" timestamp="2022-09-06T10:49:44 IST" time="0.007" errors="0">
  <testcase name="s" time="0.007" classname="testNG.P1"/>
  <system-out/>
</testsuite> <!-- testNG.P1 -->
